Button A: X+11, Y+73
Button B: X+65, Y+17
Prize: X=10000000018133, Y=10000000004639

Button A: X+49, Y+13
Button B: X+24, Y+79
Prize: X=10000000006664, Y=10000000000948

Button A: X+37, Y+28
Button B: X+13, Y+90
Prize: X=10000000002448, Y=10000000002574

Button A: X+13, Y+91
Button B: X+77, Y+70
Prize: X=10000000007241, Y=10000000014105

Button A: X+14, Y+34
Button B: X+50, Y+29
Prize: X=10000000008984, Y=10000000005882

Button A: X+53, Y+96
Button B: X+47, Y+22
Prize: X=10000000002753, Y=10000000003282

Button A: X+80, Y+38
Button B: X+11, Y+56
Prize: X=10000000003726, Y=10000000018768

Button A: X+13, Y+47
Button B: X+37, Y+11
Prize: X=10000000017682, Y=10000000007654

Button A: X+28, Y+80
Button B: X+66, Y+17
Prize: X=10000000018824, Y=10000000001350

Button A: X+65, Y+95
Button B: X+88, Y+31
Prize: X=10000000010004, Y=10000000005543

Button A: X+69, Y+17
Button B: X+45, Y+94
Prize: X=10000000009291, Y=10000000008093

Button A: X+44, Y+21
Button B: X+17, Y+36
Prize: X=10000000015790, Y=10000000009971

Button A: X+41, Y+59
Button B: X+32, Y+15
Prize: X=10000000012751, Y=10000000008224

Button A: X+13, Y+17
Button B: X+94, Y+11
Prize: X=10000000009937, Y=10000000002138

Button A: X+73, Y+47
Button B: X+19, Y+41
Prize: X=10000000012528, Y=10000000001492

Button A: X+71, Y+14
Button B: X+14, Y+49
Prize: X=10000000018670, Y=10000000008677

Button A: X+13, Y+60
Button B: X+37, Y+21
Prize: X=10000000003419, Y=10000000002151

Button A: X+76, Y+57
Button B: X+14, Y+71
Prize: X=10000000002138, Y=10000000004931

Button A: X+29, Y+63
Button B: X+83, Y+16
Prize: X=10000000008054, Y=10000000002873

Button A: X+77, Y+87
Button B: X+67, Y+12
Prize: X=10000000003828, Y=10000000002223

Button A: X+59, Y+21
Button B: X+17, Y+34
Prize: X=10000000015622, Y=10000000004584

Button A: X+13, Y+42
Button B: X+65, Y+30
Prize: X=10000000010533, Y=10000000015782

Button A: X+34, Y+25
Button B: X+13, Y+73
Prize: X=10000000001411, Y=10000000004273

Button A: X+15, Y+44
Button B: X+40, Y+19
Prize: X=10000000004535, Y=10000000009716

Button A: X+54, Y+13
Button B: X+19, Y+72
Prize: X=10000000003916, Y=10000000015249

Button A: X+12, Y+46
Button B: X+73, Y+42
Prize: X=10000000007764, Y=10000000009918

Button A: X+38, Y+78
Button B: X+94, Y+38
Prize: X=10000000003890, Y=10000000004266

Button A: X+72, Y+24
Button B: X+14, Y+99
Prize: X=10000000006092, Y=10000000008634

Button A: X+62, Y+28
Button B: X+23, Y+40
Prize: X=10000000002207, Y=10000000003040

Button A: X+48, Y+12
Button B: X+37, Y+76
Prize: X=10000000005981, Y=10000000005180

Button A: X+19, Y+40
Button B: X+54, Y+30
Prize: X=10000000011652, Y=10000000000690

Button A: X+44, Y+21
Button B: X+17, Y+46
Prize: X=10000000004212, Y=10000000010084

Button A: X+25, Y+71
Button B: X+48, Y+11
Prize: X=10000000015978, Y=10000000016005

Button A: X+15, Y+16
Button B: X+80, Y+17
Prize: X=10000000005425, Y=10000000001345

Button A: X+33, Y+60
Button B: X+41, Y+24
Prize: X=10000000015377, Y=10000000012548

Button A: X+70, Y+43
Button B: X+17, Y+47
Prize: X=10000000014123, Y=10000000008273

Button A: X+13, Y+37
Button B: X+26, Y+12
Prize: X=10000000004527, Y=10000000004989

Button A: X+55, Y+15
Button B: X+37, Y+70
Prize: X=10000000009232, Y=10000000015265

Button A: X+76, Y+54
Button B: X+22, Y+74
Prize: X=10000000000962, Y=10000000002026

Button A: X+99, Y+79
Button B: X+11, Y+40
Prize: X=10000000008360, Y=10000000008201

Button A: X+34, Y+13
Button B: X+13, Y+44
Prize: X=10000000004601, Y=10000000009921

Button A: X+12, Y+24
Button B: X+57, Y+35
Prize: X=10000000016634, Y=10000000017390

Button A: X+46, Y+28
Button B: X+20, Y+44
Prize: X=10000000000996, Y=10000000019284

Button A: X+79, Y+32
Button B: X+12, Y+54
Prize: X=10000000000635, Y=10000000003410

Button A: X+63, Y+27
Button B: X+12, Y+45
Prize: X=10000000000473, Y=10000000019763

Button A: X+64, Y+20
Button B: X+12, Y+42
Prize: X=10000000009336, Y=10000000005308

Button A: X+62, Y+32
Button B: X+22, Y+43
Prize: X=10000000000374, Y=10000000018365

Button A: X+56, Y+75
Button B: X+63, Y+15
Prize: X=10000000006573, Y=10000000002490

Button A: X+23, Y+43
Button B: X+49, Y+22
Prize: X=10000000018315, Y=10000000003100

Button A: X+29, Y+44
Button B: X+37, Y+13
Prize: X=10000000005059, Y=10000000008953

Button A: X+19, Y+25
Button B: X+53, Y+22
Prize: X=10000000005828, Y=10000000003754

Button A: X+11, Y+47
Button B: X+87, Y+48
Prize: X=10000000018116, Y=10000000010748

Button A: X+59, Y+37
Button B: X+14, Y+83
Prize: X=10000000003848, Y=10000000004046

Button A: X+78, Y+40
Button B: X+49, Y+83
Prize: X=10000000004919, Y=10000000005937

Button A: X+23, Y+90
Button B: X+83, Y+49
Prize: X=10000000008121, Y=10000000009991

Button A: X+13, Y+75
Button B: X+87, Y+67
Prize: X=10000000006647, Y=10000000010513

Button A: X+30, Y+63
Button B: X+65, Y+30
Prize: X=10000000007695, Y=10000000008654

Button A: X+25, Y+46
Button B: X+51, Y+28
Prize: X=10000000013547, Y=10000000019260

Button A: X+47, Y+70
Button B: X+72, Y+29
Prize: X=10000000009582, Y=10000000007230

Button A: X+14, Y+29
Button B: X+53, Y+21
Prize: X=10000000000234, Y=10000000018295

Button A: X+46, Y+16
Button B: X+19, Y+56
Prize: X=10000000017380, Y=10000000019424

Button A: X+15, Y+97
Button B: X+44, Y+22
Prize: X=10000000003113, Y=10000000010417

Button A: X+20, Y+61
Button B: X+71, Y+14
Prize: X=10000000002487, Y=10000000000497

Button A: X+22, Y+60
Button B: X+37, Y+16
Prize: X=10000000014487, Y=10000000015396

Button A: X+68, Y+25
Button B: X+31, Y+94
Prize: X=10000000003036, Y=10000000007394

Button A: X+14, Y+42
Button B: X+76, Y+32
Prize: X=10000000006348, Y=10000000004644

Button A: X+38, Y+15
Button B: X+42, Y+77
Prize: X=10000000016798, Y=10000000016487

Button A: X+57, Y+37
Button B: X+15, Y+44
Prize: X=10000000002681, Y=10000000018959

Button A: X+18, Y+55
Button B: X+63, Y+33
Prize: X=10000000003914, Y=10000000006084

Button A: X+86, Y+21
Button B: X+59, Y+66
Prize: X=10000000007005, Y=10000000005580

Button A: X+89, Y+32
Button B: X+18, Y+74
Prize: X=10000000009279, Y=10000000005092

Button A: X+17, Y+30
Button B: X+59, Y+28
Prize: X=10000000001009, Y=10000000003092

Button A: X+79, Y+60
Button B: X+25, Y+73
Prize: X=10000000008056, Y=10000000008333

Button A: X+20, Y+43
Button B: X+30, Y+12
Prize: X=10000000015470, Y=10000000008933

Button A: X+93, Y+18
Button B: X+62, Y+66
Prize: X=10000000012059, Y=10000000005628

Button A: X+32, Y+12
Button B: X+21, Y+51
Prize: X=10000000009997, Y=10000000012767

Button A: X+35, Y+62
Button B: X+50, Y+22
Prize: X=10000000008745, Y=10000000009312

Button A: X+17, Y+65
Button B: X+91, Y+59
Prize: X=10000000006219, Y=10000000006731

Button A: X+37, Y+72
Button B: X+80, Y+22
Prize: X=10000000006272, Y=10000000007660

Button A: X+63, Y+40
Button B: X+39, Y+86
Prize: X=10000000006918, Y=10000000008924

Button A: X+11, Y+70
Button B: X+78, Y+23
Prize: X=10000000006453, Y=10000000016364

Button A: X+78, Y+11
Button B: X+19, Y+85
Prize: X=10000000004506, Y=10000000010108

Button A: X+43, Y+13
Button B: X+36, Y+56
Prize: X=10000000001947, Y=10000000008857

Button A: X+43, Y+25
Button B: X+27, Y+53
Prize: X=10000000001393, Y=10000000005899

Button A: X+66, Y+23
Button B: X+15, Y+37
Prize: X=10000000017246, Y=10000000002071

Button A: X+37, Y+38
Button B: X+92, Y+17
Prize: X=10000000007758, Y=10000000003241

Button A: X+29, Y+60
Button B: X+58, Y+16
Prize: X=10000000014358, Y=10000000011880

Button A: X+20, Y+47
Button B: X+39, Y+14
Prize: X=10000000019545, Y=10000000008215

Button A: X+19, Y+91
Button B: X+55, Y+11
Prize: X=10000000003826, Y=10000000002422

Button A: X+22, Y+64
Button B: X+55, Y+14
Prize: X=10000000004610, Y=10000000016272

Button A: X+15, Y+47
Button B: X+74, Y+42
Prize: X=10000000000902, Y=10000000005446

Button A: X+29, Y+85
Button B: X+24, Y+17
Prize: X=10000000003585, Y=10000000006987

Button A: X+64, Y+29
Button B: X+22, Y+55
Prize: X=10000000012848, Y=10000000014552

Button A: X+96, Y+11
Button B: X+19, Y+20
Prize: X=10000000008917, Y=10000000002002

Button A: X+38, Y+15
Button B: X+11, Y+24
Prize: X=10000000019628, Y=10000000006146

Button A: X+62, Y+13
Button B: X+11, Y+65
Prize: X=10000000016243, Y=10000000006217

Button A: X+43, Y+69
Button B: X+47, Y+23
Prize: X=10000000014766, Y=10000000011968

Button A: X+83, Y+17
Button B: X+42, Y+72
Prize: X=10000000007761, Y=10000000006915

Button A: X+21, Y+56
Button B: X+41, Y+11
Prize: X=10000000004697, Y=10000000013187

Button A: X+12, Y+45
Button B: X+52, Y+16
Prize: X=10000000009272, Y=10000000000617

Button A: X+98, Y+21
Button B: X+41, Y+85
Prize: X=10000000008226, Y=10000000006488

Button A: X+15, Y+53
Button B: X+71, Y+38
Prize: X=10000000012980, Y=10000000009260

Button A: X+22, Y+50
Button B: X+67, Y+39
Prize: X=10000000005029, Y=10000000019449

Button A: X+86, Y+56
Button B: X+36, Y+96
Prize: X=10000000004298, Y=10000000008168

Button A: X+12, Y+40
Button B: X+32, Y+21
Prize: X=10000000004732, Y=10000000015519

Button A: X+42, Y+18
Button B: X+24, Y+52
Prize: X=10000000009584, Y=10000000009244

Button A: X+35, Y+71
Button B: X+99, Y+33
Prize: X=10000000006574, Y=10000000007294

Button A: X+11, Y+22
Button B: X+49, Y+11
Prize: X=10000000014913, Y=10000000006304

Button A: X+28, Y+17
Button B: X+31, Y+62
Prize: X=10000000004016, Y=10000000006238

Button A: X+18, Y+68
Button B: X+71, Y+25
Prize: X=10000000004567, Y=10000000007281

Button A: X+14, Y+53
Button B: X+43, Y+11
Prize: X=10000000000496, Y=10000000000967

Button A: X+11, Y+27
Button B: X+42, Y+28
Prize: X=10000000000581, Y=10000000017365

Button A: X+11, Y+61
Button B: X+74, Y+12
Prize: X=10000000012762, Y=10000000006204

Button A: X+50, Y+71
Button B: X+39, Y+17
Prize: X=10000000007311, Y=10000000019292

Button A: X+12, Y+37
Button B: X+69, Y+17
Prize: X=10000000018530, Y=10000000011291

Button A: X+15, Y+84
Button B: X+82, Y+81
Prize: X=10000000006619, Y=10000000011727

Button A: X+30, Y+52
Button B: X+50, Y+15
Prize: X=10000000016680, Y=10000000002062

Button A: X+12, Y+37
Button B: X+55, Y+29
Prize: X=10000000003189, Y=10000000002663

Button A: X+31, Y+92
Button B: X+44, Y+26
Prize: X=10000000003844, Y=10000000004924

Button A: X+72, Y+42
Button B: X+13, Y+33
Prize: X=10000000015389, Y=10000000005609

Button A: X+58, Y+25
Button B: X+40, Y+73
Prize: X=10000000001290, Y=10000000007329

Button A: X+97, Y+18
Button B: X+21, Y+63
Prize: X=10000000008836, Y=10000000004122

Button A: X+61, Y+30
Button B: X+15, Y+58
Prize: X=10000000012291, Y=10000000015042

Button A: X+37, Y+62
Button B: X+34, Y+11
Prize: X=10000000006489, Y=10000000017107

Button A: X+72, Y+22
Button B: X+11, Y+39
Prize: X=10000000007940, Y=10000000018284

Button A: X+56, Y+17
Button B: X+11, Y+42
Prize: X=10000000001548, Y=10000000018821

Button A: X+49, Y+32
Button B: X+11, Y+71
Prize: X=10000000002070, Y=10000000005117

Button A: X+90, Y+14
Button B: X+34, Y+72
Prize: X=10000000003338, Y=10000000005656

Button A: X+98, Y+41
Button B: X+69, Y+95
Prize: X=10000000004630, Y=10000000005905

Button A: X+35, Y+11
Button B: X+68, Y+78
Prize: X=10000000009151, Y=10000000008369

Button A: X+93, Y+66
Button B: X+18, Y+42
Prize: X=10000000005181, Y=10000000004992

Button A: X+18, Y+34
Button B: X+47, Y+14
Prize: X=10000000004297, Y=10000000014264

Button A: X+52, Y+18
Button B: X+20, Y+75
Prize: X=10000000004476, Y=10000000006519

Button A: X+89, Y+27
Button B: X+61, Y+86
Prize: X=10000000012618, Y=10000000009025

Button A: X+65, Y+20
Button B: X+44, Y+55
Prize: X=10000000010135, Y=10000000006850

Button A: X+89, Y+23
Button B: X+19, Y+88
Prize: X=10000000001541, Y=10000000004802

Button A: X+60, Y+30
Button B: X+28, Y+91
Prize: X=10000000005960, Y=10000000007985

Button A: X+54, Y+11
Button B: X+79, Y+94
Prize: X=10000000008465, Y=10000000005386

Button A: X+41, Y+75
Button B: X+75, Y+37
Prize: X=10000000005261, Y=10000000005115

Button A: X+49, Y+18
Button B: X+27, Y+61
Prize: X=10000000007642, Y=10000000019052

Button A: X+72, Y+30
Button B: X+15, Y+74
Prize: X=10000000006009, Y=10000000002978

Button A: X+56, Y+38
Button B: X+11, Y+27
Prize: X=10000000019769, Y=10000000005953

Button A: X+85, Y+33
Button B: X+35, Y+57
Prize: X=10000000006515, Y=10000000003441

Button A: X+31, Y+12
Button B: X+20, Y+36
Prize: X=10000000006966, Y=10000000006428

Button A: X+33, Y+64
Button B: X+81, Y+39
Prize: X=10000000006198, Y=10000000007651

Button A: X+88, Y+76
Button B: X+26, Y+76
Prize: X=10000000007544, Y=10000000009728

Button A: X+43, Y+20
Button B: X+19, Y+49
Prize: X=10000000004446, Y=10000000010629

Button A: X+76, Y+17
Button B: X+83, Y+93
Prize: X=10000000009974, Y=10000000005655

Button A: X+13, Y+48
Button B: X+80, Y+78
Prize: X=10000000001000, Y=10000000002388

Button A: X+89, Y+30
Button B: X+47, Y+80
Prize: X=10000000003091, Y=10000000002710

Button A: X+11, Y+36
Button B: X+74, Y+33
Prize: X=10000000011533, Y=10000000018533

Button A: X+97, Y+20
Button B: X+66, Y+62
Prize: X=10000000005489, Y=10000000004374

Button A: X+11, Y+78
Button B: X+79, Y+18
Prize: X=10000000005011, Y=10000000012902

Button A: X+16, Y+47
Button B: X+28, Y+11
Prize: X=10000000004780, Y=10000000003810

Button A: X+25, Y+15
Button B: X+51, Y+92
Prize: X=10000000004136, Y=10000000006227

Button A: X+99, Y+32
Button B: X+49, Y+80
Prize: X=10000000007813, Y=10000000003552

Button A: X+12, Y+59
Button B: X+68, Y+24
Prize: X=10000000011240, Y=10000000012151

Button A: X+46, Y+74
Button B: X+34, Y+15
Prize: X=10000000001736, Y=10000000001840

Button A: X+31, Y+57
Button B: X+47, Y+16
Prize: X=10000000002670, Y=10000000004167

Button A: X+31, Y+17
Button B: X+19, Y+35
Prize: X=10000000013499, Y=10000000017561

Button A: X+12, Y+56
Button B: X+51, Y+24
Prize: X=10000000016196, Y=10000000016288

Button A: X+90, Y+77
Button B: X+28, Y+98
Prize: X=10000000008116, Y=10000000007462

Button A: X+78, Y+30
Button B: X+12, Y+48
Prize: X=10000000014534, Y=10000000010310

Button A: X+19, Y+35
Button B: X+57, Y+23
Prize: X=10000000006029, Y=10000000003951

Button A: X+79, Y+22
Button B: X+24, Y+77
Prize: X=10000000005110, Y=10000000002970

Button A: X+85, Y+54
Button B: X+14, Y+92
Prize: X=10000000004443, Y=10000000005482

Button A: X+48, Y+93
Button B: X+94, Y+34
Prize: X=10000000006446, Y=10000000006416

Button A: X+25, Y+45
Button B: X+41, Y+11
Prize: X=10000000001549, Y=10000000014899

Button A: X+32, Y+75
Button B: X+63, Y+17
Prize: X=10000000017499, Y=10000000017482

Button A: X+64, Y+79
Button B: X+58, Y+16
Prize: X=10000000004980, Y=10000000002478

Button A: X+41, Y+49
Button B: X+41, Y+11
Prize: X=10000000003567, Y=10000000002439

Button A: X+23, Y+79
Button B: X+94, Y+60
Prize: X=10000000005420, Y=10000000007576

Button A: X+11, Y+65
Button B: X+76, Y+11
Prize: X=10000000002316, Y=10000000001194

Button A: X+15, Y+70
Button B: X+40, Y+12
Prize: X=10000000007155, Y=10000000003546

Button A: X+13, Y+34
Button B: X+67, Y+16
Prize: X=10000000001274, Y=10000000018032

Button A: X+55, Y+18
Button B: X+70, Y+82
Prize: X=10000000005340, Y=10000000005234

Button A: X+30, Y+25
Button B: X+22, Y+79
Prize: X=10000000002232, Y=10000000006774

Button A: X+15, Y+27
Button B: X+41, Y+24
Prize: X=10000000004139, Y=10000000019259

Button A: X+34, Y+13
Button B: X+32, Y+54
Prize: X=10000000006670, Y=10000000007075

Button A: X+26, Y+70
Button B: X+58, Y+12
Prize: X=10000000012464, Y=10000000008436

Button A: X+26, Y+12
Button B: X+30, Y+90
Prize: X=10000000003242, Y=10000000003324

Button A: X+12, Y+49
Button B: X+50, Y+25
Prize: X=10000000018232, Y=10000000019589

Button A: X+32, Y+93
Button B: X+96, Y+38
Prize: X=10000000007360, Y=10000000008135

Button A: X+27, Y+83
Button B: X+51, Y+28
Prize: X=10000000003813, Y=10000000005025

Button A: X+14, Y+36
Button B: X+23, Y+13
Prize: X=10000000006999, Y=10000000006683

Button A: X+23, Y+49
Button B: X+48, Y+19
Prize: X=10000000007062, Y=10000000004966

Button A: X+11, Y+20
Button B: X+43, Y+18
Prize: X=10000000015413, Y=10000000004578

Button A: X+22, Y+45
Button B: X+78, Y+40
Prize: X=10000000005424, Y=10000000005715

Button A: X+58, Y+14
Button B: X+21, Y+62
Prize: X=10000000003942, Y=10000000009636

Button A: X+14, Y+49
Button B: X+67, Y+32
Prize: X=10000000013568, Y=10000000019028

Button A: X+25, Y+53
Button B: X+48, Y+17
Prize: X=10000000002534, Y=10000000004648

Button A: X+75, Y+31
Button B: X+15, Y+43
Prize: X=10000000012230, Y=10000000007334

Button A: X+56, Y+18
Button B: X+34, Y+75
Prize: X=10000000002428, Y=10000000004916

Button A: X+33, Y+12
Button B: X+40, Y+62
Prize: X=10000000005860, Y=10000000006734

Button A: X+32, Y+19
Button B: X+18, Y+41
Prize: X=10000000005468, Y=10000000004256

Button A: X+19, Y+48
Button B: X+57, Y+11
Prize: X=10000000003958, Y=10000000006769

Button A: X+62, Y+33
Button B: X+35, Y+87
Prize: X=10000000007144, Y=10000000007221

Button A: X+22, Y+46
Button B: X+42, Y+13
Prize: X=10000000012032, Y=10000000007880

Button A: X+12, Y+98
Button B: X+82, Y+53
Prize: X=10000000008934, Y=10000000011911

Button A: X+99, Y+14
Button B: X+53, Y+43
Prize: X=10000000007369, Y=10000000003989

Button A: X+43, Y+11
Button B: X+29, Y+66
Prize: X=10000000015386, Y=10000000011441

Button A: X+16, Y+84
Button B: X+80, Y+70
Prize: X=10000000004064, Y=10000000006286

Button A: X+32, Y+70
Button B: X+92, Y+62
Prize: X=10000000006700, Y=10000000006162

Button A: X+81, Y+16
Button B: X+14, Y+76
Prize: X=10000000018450, Y=10000000013756

Button A: X+12, Y+45
Button B: X+99, Y+44
Prize: X=10000000008805, Y=10000000004548

Button A: X+15, Y+55
Button B: X+48, Y+13
Prize: X=10000000002630, Y=10000000000530

Button A: X+46, Y+14
Button B: X+34, Y+79
Prize: X=10000000007490, Y=10000000019570

Button A: X+82, Y+20
Button B: X+28, Y+50
Prize: X=10000000006026, Y=10000000004060

Button A: X+25, Y+61
Button B: X+57, Y+14
Prize: X=10000000007179, Y=10000000012356

Button A: X+17, Y+55
Button B: X+77, Y+64
Prize: X=10000000006710, Y=10000000007825

Button A: X+18, Y+82
Button B: X+76, Y+15
Prize: X=10000000007552, Y=10000000002275

Button A: X+22, Y+76
Button B: X+99, Y+28
Prize: X=10000000004587, Y=10000000002344

Button A: X+23, Y+77
Button B: X+70, Y+15
Prize: X=10000000007601, Y=10000000007519

Button A: X+97, Y+49
Button B: X+16, Y+44
Prize: X=10000000009439, Y=10000000005271

Button A: X+17, Y+75
Button B: X+89, Y+47
Prize: X=10000000007269, Y=10000000004763

Button A: X+61, Y+23
Button B: X+20, Y+66
Prize: X=10000000004990, Y=10000000016918

Button A: X+37, Y+24
Button B: X+30, Y+71
Prize: X=10000000004807, Y=10000000005592

Button A: X+69, Y+81
Button B: X+97, Y+19
Prize: X=10000000009123, Y=10000000003879

Button A: X+87, Y+51
Button B: X+28, Y+82
Prize: X=10000000008193, Y=10000000009525

Button A: X+55, Y+26
Button B: X+44, Y+70
Prize: X=10000000001441, Y=10000000000878

Button A: X+32, Y+81
Button B: X+77, Y+35
Prize: X=10000000008587, Y=10000000007824

Button A: X+60, Y+23
Button B: X+25, Y+59
Prize: X=10000000005180, Y=10000000015432

Button A: X+20, Y+44
Button B: X+82, Y+50
Prize: X=10000000005328, Y=10000000004680

Button A: X+99, Y+31
Button B: X+12, Y+35
Prize: X=10000000008991, Y=10000000004315

Button A: X+87, Y+84
Button B: X+21, Y+79
Prize: X=10000000010389, Y=10000000015727

Button A: X+21, Y+56
Button B: X+62, Y+33
Prize: X=10000000004460, Y=10000000014523

Button A: X+13, Y+47
Button B: X+61, Y+31
Prize: X=10000000001748, Y=10000000002908

Button A: X+38, Y+54
Button B: X+40, Y+15
Prize: X=10000000012932, Y=10000000012461

Button A: X+80, Y+81
Button B: X+53, Y+14
Prize: X=10000000005085, Y=10000000004157

Button A: X+59, Y+20
Button B: X+23, Y+66
Prize: X=10000000019571, Y=10000000012020

Button A: X+95, Y+29
Button B: X+43, Y+61
Prize: X=10000000007584, Y=10000000006528

Button A: X+58, Y+34
Button B: X+17, Y+32
Prize: X=10000000019342, Y=10000000005344

Button A: X+33, Y+69
Button B: X+93, Y+19
Prize: X=10000000008796, Y=10000000007338

Button A: X+11, Y+91
Button B: X+88, Y+73
Prize: X=10000000008162, Y=10000000009227

Button A: X+46, Y+17
Button B: X+13, Y+21
Prize: X=10000000007121, Y=10000000005232

Button A: X+94, Y+15
Button B: X+70, Y+84
Prize: X=10000000006620, Y=10000000005499

Button A: X+90, Y+12
Button B: X+32, Y+57
Prize: X=10000000006794, Y=10000000001275

Button A: X+77, Y+24
Button B: X+12, Y+49
Prize: X=10000000001880, Y=10000000013220

Button A: X+31, Y+16
Button B: X+36, Y+61
Prize: X=10000000017747, Y=10000000009472

Button A: X+39, Y+22
Button B: X+20, Y+50
Prize: X=10000000012004, Y=10000000006812

Button A: X+45, Y+15
Button B: X+23, Y+50
Prize: X=10000000019415, Y=10000000007715

Button A: X+61, Y+20
Button B: X+14, Y+46
Prize: X=10000000005750, Y=10000000011570

Button A: X+58, Y+21
Button B: X+31, Y+61
Prize: X=10000000001375, Y=10000000014929

Button A: X+41, Y+17
Button B: X+26, Y+50
Prize: X=10000000006617, Y=10000000019793

Button A: X+22, Y+47
Button B: X+60, Y+29
Prize: X=10000000001578, Y=10000000017740

Button A: X+98, Y+39
Button B: X+43, Y+74
Prize: X=10000000004399, Y=10000000005107

Button A: X+39, Y+13
Button B: X+11, Y+28
Prize: X=10000000007736, Y=10000000012927

Button A: X+66, Y+26
Button B: X+17, Y+41
Prize: X=10000000004827, Y=10000000013747

Button A: X+30, Y+70
Button B: X+38, Y+12
Prize: X=10000000006488, Y=10000000004962

Button A: X+60, Y+14
Button B: X+29, Y+75
Prize: X=10000000009256, Y=10000000006404

Button A: X+31, Y+71
Button B: X+67, Y+26
Prize: X=10000000005436, Y=10000000002683

Button A: X+21, Y+40
Button B: X+51, Y+23
Prize: X=10000000001124, Y=10000000016811

Button A: X+50, Y+22
Button B: X+14, Y+62
Prize: X=10000000016126, Y=10000000011714

Button A: X+61, Y+19
Button B: X+14, Y+49
Prize: X=10000000006079, Y=10000000011392

Button A: X+44, Y+13
Button B: X+19, Y+61
Prize: X=10000000004014, Y=10000000001744

Button A: X+19, Y+53
Button B: X+78, Y+42
Prize: X=10000000007629, Y=10000000003691

Button A: X+61, Y+87
Button B: X+71, Y+28
Prize: X=10000000006881, Y=10000000004539

Button A: X+28, Y+18
Button B: X+19, Y+37
Prize: X=10000000007803, Y=10000000004541

Button A: X+72, Y+17
Button B: X+13, Y+40
Prize: X=10000000004995, Y=10000000008730

Button A: X+57, Y+25
Button B: X+13, Y+30
Prize: X=10000000017779, Y=10000000005175

Button A: X+33, Y+94
Button B: X+66, Y+19
Prize: X=10000000007854, Y=10000000008852

Button A: X+41, Y+13
Button B: X+23, Y+40
Prize: X=10000000001189, Y=10000000010311

Button A: X+65, Y+12
Button B: X+11, Y+23
Prize: X=10000000006352, Y=10000000001634

Button A: X+38, Y+14
Button B: X+35, Y+64
Prize: X=10000000003141, Y=10000000014160

Button A: X+36, Y+57
Button B: X+43, Y+21
Prize: X=10000000015949, Y=10000000016718

Button A: X+59, Y+28
Button B: X+46, Y+80
Prize: X=10000000002531, Y=10000000001492

Button A: X+49, Y+11
Button B: X+12, Y+69
Prize: X=10000000002917, Y=10000000015210

Button A: X+79, Y+19
Button B: X+69, Y+97
Prize: X=10000000006361, Y=10000000006917

Button A: X+99, Y+36
Button B: X+31, Y+77
Prize: X=10000000012300, Y=10000000010191

Button A: X+72, Y+32
Button B: X+41, Y+71
Prize: X=10000000005370, Y=10000000005870

Button A: X+35, Y+76
Button B: X+58, Y+18
Prize: X=10000000008521, Y=10000000013664

Button A: X+72, Y+14
Button B: X+11, Y+65
Prize: X=10000000016753, Y=10000000018845

Button A: X+31, Y+63
Button B: X+25, Y+11
Prize: X=10000000016191, Y=10000000011049

Button A: X+78, Y+19
Button B: X+29, Y+93
Prize: X=10000000003771, Y=10000000001692

Button A: X+12, Y+70
Button B: X+62, Y+13
Prize: X=10000000015090, Y=10000000008127

Button A: X+60, Y+87
Button B: X+82, Y+34
Prize: X=10000000007192, Y=10000000006523

Button A: X+27, Y+65
Button B: X+50, Y+23
Prize: X=10000000002386, Y=10000000005530

Button A: X+38, Y+80
Button B: X+49, Y+14
Prize: X=10000000004040, Y=10000000012496

Button A: X+89, Y+20
Button B: X+16, Y+29
Prize: X=10000000004183, Y=10000000003201

Button A: X+31, Y+60
Button B: X+40, Y+13
Prize: X=10000000008798, Y=10000000019419

Button A: X+65, Y+32
Button B: X+18, Y+54
Prize: X=10000000009936, Y=10000000005532

Button A: X+22, Y+77
Button B: X+92, Y+44
Prize: X=10000000006512, Y=10000000004444

Button A: X+36, Y+15
Button B: X+48, Y+78
Prize: X=10000000004640, Y=10000000002996

Button A: X+26, Y+13
Button B: X+52, Y+99
Prize: X=10000000002990, Y=10000000002809

Button A: X+78, Y+27
Button B: X+30, Y+97
Prize: X=10000000004590, Y=10000000003581

Button A: X+33, Y+62
Button B: X+44, Y+20
Prize: X=10000000019053, Y=10000000007610

Button A: X+26, Y+50
Button B: X+48, Y+18
Prize: X=10000000006822, Y=10000000001488

Button A: X+88, Y+44
Button B: X+24, Y+77
Prize: X=10000000007896, Y=10000000006743

Button A: X+68, Y+13
Button B: X+23, Y+67
Prize: X=10000000007264, Y=10000000012390

Button A: X+84, Y+21
Button B: X+46, Y+47
Prize: X=10000000010484, Y=10000000005461

Button A: X+90, Y+60
Button B: X+26, Y+88
Prize: X=10000000005278, Y=10000000008324

Button A: X+11, Y+68
Button B: X+54, Y+12
Prize: X=10000000016759, Y=10000000011092

Button A: X+75, Y+37
Button B: X+25, Y+91
Prize: X=10000000006550, Y=10000000010626

Button A: X+31, Y+11
Button B: X+47, Y+79
Prize: X=10000000014055, Y=10000000013771

Button A: X+86, Y+32
Button B: X+48, Y+90
Prize: X=10000000008214, Y=10000000004932

Button A: X+32, Y+18
Button B: X+22, Y+55
Prize: X=10000000000232, Y=10000000001508

Button A: X+69, Y+35
Button B: X+18, Y+54
Prize: X=10000000004076, Y=10000000009380

Button A: X+26, Y+11
Button B: X+15, Y+24
Prize: X=10000000004055, Y=10000000004577

Button A: X+26, Y+95
Button B: X+88, Y+55
Prize: X=10000000008032, Y=10000000007225

Button A: X+55, Y+37
Button B: X+11, Y+32
Prize: X=10000000013608, Y=10000000004473

Button A: X+16, Y+57
Button B: X+96, Y+40
Prize: X=10000000008816, Y=10000000007851

Button A: X+54, Y+28
Button B: X+28, Y+50
Prize: X=10000000001332, Y=10000000009554

Button A: X+88, Y+77
Button B: X+23, Y+81
Prize: X=10000000001588, Y=10000000001633

Button A: X+78, Y+51
Button B: X+17, Y+44
Prize: X=10000000005052, Y=10000000011829

Button A: X+16, Y+61
Button B: X+77, Y+45
Prize: X=10000000004172, Y=10000000004969

Button A: X+12, Y+46
Button B: X+66, Y+38
Prize: X=10000000006554, Y=10000000005652

Button A: X+26, Y+60
Button B: X+42, Y+18
Prize: X=10000000009650, Y=10000000008558

Button A: X+30, Y+64
Button B: X+92, Y+41
Prize: X=10000000011254, Y=10000000009724

Button A: X+25, Y+53
Button B: X+40, Y+17
Prize: X=10000000012455, Y=10000000017318

Button A: X+64, Y+37
Button B: X+15, Y+41
Prize: X=10000000003855, Y=10000000006003

Button A: X+12, Y+42
Button B: X+75, Y+21
Prize: X=10000000013496, Y=10000000004988

Button A: X+85, Y+29
Button B: X+33, Y+54
Prize: X=10000000005598, Y=10000000003876

Button A: X+86, Y+30
Button B: X+11, Y+65
Prize: X=10000000015180, Y=10000000011840

Button A: X+28, Y+63
Button B: X+58, Y+11
Prize: X=10000000002432, Y=10000000016018

Button A: X+28, Y+49
Button B: X+25, Y+14
Prize: X=10000000011147, Y=10000000018589

Button A: X+64, Y+25
Button B: X+29, Y+71
Prize: X=10000000004242, Y=10000000012936

Button A: X+14, Y+41
Button B: X+59, Y+24
Prize: X=10000000007187, Y=10000000003683

Button A: X+29, Y+11
Button B: X+39, Y+72
Prize: X=10000000005051, Y=10000000008159

Button A: X+26, Y+46
Button B: X+41, Y+21
Prize: X=10000000001150, Y=10000000002410

Button A: X+36, Y+77
Button B: X+95, Y+34
Prize: X=10000000004955, Y=10000000004338

Solution: (105309346203, 136024572460)
Game 1 possible with price 513383063583

Solution: (154537791656, 101152008980)
Game 2 possible with price 457993818596

Solution: (385000000093429/1483, 45000000013347/1483)
A presses are not an integer: 385000000093429/1483
Game 3 impossible

Solution: (10000000082745/871, 60000000036582/469)
A presses are not an integer: 10000000082745/871
Game 4 impossible

Solution: (162287480706, 154559505582)
Game 5 possible with price 625965997452

Solution: (125000000046844/1673, 215000000045171/1673)
A presses are not an integer: 125000000046844/1673
Game 6 impossible

Solution: (110782865584, 103397341546)
Game 7 possible with price 420974890222

Solution: (162907268226, 213032581912)
Game 8 possible with price 802005013962

Solution: (101998334673, 108243131030)
Game 9 possible with price 426727727763

Solution: (38000000011844/423, 20000000039339/423)
A presses are not an integer: 38000000011844/423
Game 10 impossible

Solution: (490000000509169/5721, 520000000400470/5721)
A presses are not an integer: 490000000509169/5721
Game 11 impossible

Solution: (154849226079, 187449062842)
Game 12 possible with price 717196414605

Solution: (133542812311, 141398272125)
Game 13 possible with price 557737628686

Solution: (166000000018333/291, 8000000028227/291)
A presses are not an integer: 166000000018333/291
Game 14 impossible

Solution: (104761904993, 123809523581)
Game 15 possible with price 476190475736

Solution: (106609808344, 173621687589)
Game 16 possible with price 627474871111

Solution: (160000000007788/1947, 470000000177177/1947)
A presses are not an integer: 160000000007788/1947
Game 17 impossible

Solution: (15000000002178/121, 5000000006655/121)
A presses are not an integer: 15000000002178/121
Game 18 impossible

Solution: (134000000021919/953, 68000000084817/953)
A presses are not an integer: 134000000021919/953
Game 19 impossible

Solution: (110000000020601/981, 20000000032373/981)
A presses are not an integer: 110000000020601/981
Game 20 impossible

Solution: (103092783780, 230442692506)
Game 21 possible with price 794420861298

Solution: (149572649876, 123931624033)
Game 22 possible with price 521367521975

Solution: (200000000015818/719, 30000000036669/719)
A presses are not an integer: 200000000015818/719
Game 23 impossible

Solution: (142372881561, 196610169528)
Game 24 possible with price 732203390145

Solution: (145564405381, 112606427018)
Game 25 possible with price 483383686435

Solution: (108619481569, 119131044232)
Game 26 possible with price 466012614265

Solution: (2187500000989/23, 1562500000552/23)
A presses are not an integer: 2187500000989/23
Game 27 impossible

Solution: (106250000060279/849, 20000000019810/283)
A presses are not an integer: 106250000060279/849
Game 28 impossible

Solution: (2500000000270/27, 5000000001863/27)
A presses are not an integer: 2500000000270/27
Game 29 impossible

Solution: (121722846524, 112359550617)
Game 30 possible with price 458801498375

Solution: (150943396030, 132075471983)
Game 31 possible with price 547169811979

Solution: (173965206972, 137972405732)
Game 32 possible with price 587882424168

Solution: (118097670154, 146824130461)
Game 33 possible with price 558570061537

Solution: (25200000000615/41, 400000002665/41)
A presses are not an integer: 25200000000615/41
Game 34 impossible

Solution: (101918465315, 161870503902)
Game 35 possible with price 587529977021

Solution: (117233294460, 105509964819)
Game 36 possible with price 433763188917

Solution: (173697270565, 297766749507)
Game 37 possible with price 1066997519086

Solution: (100151745093, 121396054841)
Game 38 possible with price 464339909616

Solution: (130000000006654/1109, 55000000025507/1109)
A presses are not an integer: 130000000006654/1109
Game 39 impossible

Solution: (290000000244189/3091, 200000000151459/3091)
A presses are not an integer: 290000000244189/3091
Game 40 impossible

Solution: (233609645873, 158251695763)
Game 41 possible with price 708364733162

Solution: (232067510980, 126582278682)
Game 42 possible with price 611814347026

Solution: (163934425996, 122950820259)
Game 43 possible with price 532786886773

Solution: (108191653785, 121071612635)
Game 44 possible with price 471406491690

Solution: (131421744239, 143369176118)
Game 45 possible with price 561529272593

Solution: (122549019742, 179738562154)
Game 46 possible with price 661764706204

Solution: (107033638946, 152905199351)
Game 47 possible with price 565749236999

Solution: (32000000003885/259, 38000000070707/777)
A presses are not an integer: 32000000003885/259
Game 48 impossible

Solution: (168644596970, 124921924245)
Game 49 possible with price 543410369705

Solution: (191846522994, 119904076709)
Game 50 possible with price 551558753121

Solution: (310000000070746/907, 60000000074374/907)
A presses are not an integer: 310000000070746/907
Game 51 impossible

Solution: (109519797828, 101095198184)
Game 52 possible with price 412805392380

Solution: (690000000262740/4379, 220000000096338/4379)
A presses are not an integer: 690000000262740/4379
Game 53 impossible

Solution: (170000000058682/2257, 190000000133163/2257)
A presses are not an integer: 170000000058682/2257
Game 54 impossible

Solution: (340000000431324/6343, 670000000501097/6343)
A presses are not an integer: 340000000431324/6343
Game 55 impossible

Solution: (100000000234641/2827, 310000000180928/2827)
A presses are not an integer: 100000000234641/2827
Game 56 impossible

Solution: (109546165988, 103286385047)
Game 57 possible with price 419405321129

Solution: (139732685664, 127582017097)
Game 58 possible with price 522478736955

Solution: (430000000242682/3677, 230000000330930/3677)
A presses are not an integer: 430000000242682/3677
Game 59 impossible

Solution: (257441674147, 120675784192)
Game 60 possible with price 619469026723

Solution: (162852112942, 132042253792)
Game 61 possible with price 558978874318

Solution: (10000000017721/179, 410000000072853/1969)
A presses are not an integer: 10000000017721/179
Game 62 impossible

Solution: (140705998519, 101209577917)
Game 63 possible with price 444334732270

Solution: (112419700395, 203426124481)
Game 64 possible with price 722698073838

Solution: (630000000056170/5617, 430000000426892/5617)
A presses are not an integer: 630000000056170/5617
Game 65 impossible

Solution: (160349854282, 102040816400)
Game 66 possible with price 466472303482

Solution: (152439024652, 100174216191)
Game 67 possible with price 452961673225

Solution: (148489503243, 102406554522)
Game 68 possible with price 455709166809

Solution: (104493208030, 128874956498)
Game 69 possible with price 491118077524

Solution: (70000000133110/4437, 650000000332775/4437)
A presses are not an integer: 70000000133110/4437
Game 70 impossible

Solution: (56000000059499/601, 57000000015626/601)
A presses are not an integer: 56000000059499/601
Game 71 impossible

Solution: (239567233504, 100463678499)
Game 72 possible with price 540958269001

Solution: (480000000379763/4267, 190000000174947/4267)
A presses are not an integer: 480000000379763/4267
Game 73 impossible

Solution: (171428571507, 219047619511)
Game 74 possible with price 828571430040

Solution: (20000000223479/2511, 125000000051057/837)
A presses are not an integer: 20000000223479/2511
Game 75 impossible

Solution: (217391304523, 144927536441)
Game 76 possible with price 652173913846

Solution: (120171673937, 115879828419)
Game 77 possible with price 467811159194

Solution: (20000000015350/307, 30000000018113/307)
A presses are not an integer: 20000000015350/307
Game 78 impossible

Solution: (290000000237408/2473, 175000000084082/2473)
A presses are not an integer: 290000000237408/2473
Game 79 impossible

Solution: (235000000123456/1929, 115000000142746/1929)
A presses are not an integer: 235000000123456/1929
Game 80 impossible

Solution: (105627040739, 113309007158)
Game 81 possible with price 445554062213

Solution: (102787727798, 104345117698)
Game 82 possible with price 415823080892

Solution: (103092783397, 154639175441)
Game 83 possible with price 567010309720

Solution: (162094763039, 112219451508)
Game 84 possible with price 498753117563

Solution: (104911779021, 205054840124)
Game 85 possible with price 720076299393

Solution: (750000000166286/2867, 10000000174887/2867)
A presses are not an integer: 750000000166286/2867
Game 86 impossible

Solution: (139257294582, 102785146060)
Game 87 possible with price 447612732762

Solution: (160978750835, 173857051355)
Game 88 possible with price 682549904900

Solution: (10000000002071/109, 180000000075537/1199)
A presses are not an integer: 10000000002071/109
Game 89 impossible

Solution: (127646326535, 130759651288)
Game 90 possible with price 519925280399

Solution: (112359550690, 112359550548)
Game 91 possible with price 449438202334

Solution: (10000000015249/221, 80000000014586/221)
A presses are not an integer: 10000000015249/221
Game 92 impossible

Solution: (114503816928, 121443442248)
Game 93 possible with price 478834143672

Solution: (10000000140302/1711, 850000000094105/1711)
A presses are not an integer: 10000000140302/1711
Game 94 impossible

Solution: (174029451678, 307898259624)
Game 95 possible with price 1097724230550

Solution: (138924620784, 126061229785)
Game 96 possible with price 517108310139

Solution: (106477373657, 115350488245)
Game 97 possible with price 452528838392

Solution: (50000000044727/877, 110000000073668/877)
A presses are not an integer: 50000000044727/877
Game 98 impossible

Solution: (145278450600, 169491525417)
Game 99 possible with price 653753026851

Solution: (167597765309, 153631285107)
Game 100 possible with price 628491620630

Solution: (40000000039382/679, 10000000006014/97)
A presses are not an integer: 40000000039382/679
Game 101 impossible

Solution: (103351080540, 119010335280)
Game 102 possible with price 460382086380

Solution: (112359551006, 112359550491)
Game 103 possible with price 449438202479

Solution: (1250000000247/13, 625000000962/13)
A presses are not an integer: 1250000000247/13
Game 104 impossible

Solution: (107003891437, 272373540859)
Game 105 possible with price 924124514014

Solution: (159817351756, 136986301493)
Game 106 possible with price 570776256235

Solution: (10000000007654/89, 60000000035244/979)
A presses are not an integer: 10000000007654/89
Game 107 impossible

Solution: (397074190329, 114942529006)
Game 108 possible with price 741901777347

Solution: (10000000001794/39, 110000000106392/1209)
A presses are not an integer: 10000000001794/39
Game 109 impossible

Solution: (230000000201388/2189, 250000000089749/2189)
A presses are not an integer: 230000000201388/2189
Game 110 impossible

Solution: (2560000000289/17, 3120000000102/17)
A presses are not an integer: 2560000000289/17
Game 111 impossible

Solution: (169491526287, 193704600272)
Game 112 possible with price 750605327103

Solution: (141487905136, 114103149409)
Game 113 possible with price 483797353363

Solution: (114643043579, 109431995599)
Game 114 possible with price 442939030376

Solution: (221370796281, 106428267582)
Game 115 possible with price 540655599027

Solution: (10000000425475/5673, 230000000126697/1891)
A presses are not an integer: 10000000425475/5673
Game 116 impossible

Solution: (162790697606, 102325581770)
Game 117 possible with price 469767442916

Solution: (260000000053984/1687, 250000000086037/1687)
A presses are not an integer: 260000000053984/1687
Game 118 impossible

Solution: (90000000058356/1621, 305000000100502/1621)
A presses are not an integer: 90000000058356/1621
Game 119 impossible

Solution: (109289617724, 163934426097)
Game 120 possible with price 601092896015

Solution: (102040816265, 102040816448)
Game 121 possible with price 408163265609

Solution: (20000000022386/273, 790000000240786/5733)
A presses are not an integer: 20000000022386/273
Game 122 impossible

Solution: (139248704821, 100388601214)
Game 123 possible with price 440414508463

Solution: (135214579959, 146972369059)
Game 124 possible with price 576131687136

Solution: (109119251796, 194855807148)
Game 125 possible with price 693686673240

Solution: (143187066909, 180138568604)
Game 126 possible with price 683602772721

Solution: (600000000090683/3127, 170000000184493/3127)
A presses are not an integer: 600000000090683/3127
Game 127 impossible

Solution: (5000000000632/79, 10000000006083/79)
A presses are not an integer: 5000000000632/79
Game 128 impossible

Solution: (260000000032405/6481, 570000000388860/6481)
A presses are not an integer: 260000000032405/6481
Game 129 impossible

Solution: (50000000072343/991, 120000000096127/991)
A presses are not an integer: 50000000072343/991
Game 130 impossible

Solution: (40000000021291/453, 15000000006795/151)
A presses are not an integer: 40000000021291/453
Game 131 impossible

Solution: (245170877125, 118870728001)
Game 132 possible with price 601783061128

Solution: (27500000010266/177, 17000000012921/177)
A presses are not an integer: 27500000010266/177
Game 133 impossible

Solution: (250000000534623/6007, 620000000462539/6007)
A presses are not an integer: 250000000534623/6007
Game 134 impossible

Solution: (2000000004655/49, 90000000048510/539)
A presses are not an integer: 2000000004655/49
Game 135 impossible

Solution: (46000000002958/493, 44000000026129/493)
A presses are not an integer: 46000000002958/493
Game 136 impossible

Solution: (1500000000759/11, 5000000005005/77)
A presses are not an integer: 1500000000759/11
Game 137 impossible

Solution: (150000000370216/4207, 430000000197729/4207)
A presses are not an integer: 150000000370216/4207
Game 138 impossible

Solution: (95000000047242/1027, 85000000046215/1027)
A presses are not an integer: 95000000047242/1027
Game 139 impossible

Solution: (135836995586, 123851378664)
Game 140 possible with price 507391131578

Solution: (295000000199998/2439, 70000000005691/813)
A presses are not an integer: 295000000199998/2439
Game 141 impossible

Solution: (146252285620, 164533820459)
Game 142 possible with price 639853746997

Solution: (22000000025092/369, 52000000007749/369)
A presses are not an integer: 22000000025092/369
Game 143 impossible

Solution: (182648401966, 216894977301)
Game 144 possible with price 833333333869

Solution: (140000000126003/1299, 310000000144189/3897)
A presses are not an integer: 140000000126003/1299
Game 145 impossible

Solution: (62500000040052/589, 15000000035340/589)
A presses are not an integer: 62500000040052/589
Game 146 impossible

Solution: (173711638689, 133178923201)
Game 147 possible with price 573248408292

Solution: (100000000458217/5657, 590000000260222/5657)
A presses are not an integer: 100000000458217/5657
Game 148 impossible

Solution: (10000000056520/1413, 175000000008478/1413)
A presses are not an integer: 10000000056520/1413
Game 149 impossible

Solution: (33000000011991/571, 59000000014846/571)
A presses are not an integer: 33000000011991/571
Game 150 impossible

Solution: (178183398953, 108648413825)
Game 151 possible with price 504128640428

Solution: (-19999999974183/2347, 385000000157249/2347)
A presses are not an integer: -19999999974183/2347
Game 152 impossible

Solution: (102280348915, 112340710974)
Game 153 possible with price 439302481837

Solution: (149122807065, 271929824705)
Game 154 possible with price 964912281180

Solution: (82000000012587/307, 20000000018727/307)
A presses are not an integer: 82000000012587/307
Game 155 impossible

Solution: (19375000028187/397, 41875000006352/397)
A presses are not an integer: 19375000028187/397
Game 156 impossible

Solution: (118152524317, 126208378227)
Game 157 possible with price 496777658998

Solution: (95000000018260/913, 140000000021912/913)
A presses are not an integer: 95000000018260/913
Game 158 impossible

Solution: (142006413263, 119102153011)
Game 159 possible with price 499312872296

Solution: (209973753463, 183727034534)
Game 160 possible with price 761154857065

Solution: (105140187088, 171339564140)
Game 161 possible with price 619158879508

Solution: (12500000010472/119, 16250000005831/833)
A presses are not an integer: 12500000010472/119
Game 162 impossible

Solution: (106382978893, 141843971740)
Game 163 possible with price 531914894113

Solution: (218228498130, 102695763887)
Game 164 possible with price 526315789791

Solution: (106000000064438/1111, 114000000024442/1111)
A presses are not an integer: 106000000064438/1111
Game 165 impossible

Solution: (97500000041501/883, 38750000028256/883)
A presses are not an integer: 97500000041501/883
Game 166 impossible

Solution: (20000000012798/237, 5000000003239/79)
A presses are not an integer: 20000000012798/237
Game 167 impossible

Solution: (191082802926, 127388534839)
Game 168 possible with price 573248407443

Solution: (110021526143, 102846209221)
Game 169 possible with price 418560153806

Solution: (70000000010674/593, 25000000039138/593)
A presses are not an integer: 70000000010674/593
Game 170 impossible

Solution: (150000000030381/779, 40000000037392/779)
A presses are not an integer: 150000000030381/779
Game 171 impossible

Solution: (170000000193472/3023, 280000000126966/3023)
A presses are not an integer: 170000000193472/3023
Game 172 impossible

Solution: (134882755772, 112056443274)
Game 173 possible with price 471052085594

Solution: (106870229029, 209923664293)
Game 174 possible with price 736641221908

Solution: (246376812168, 101449275270)
Game 175 possible with price 550724637978

Solution: (480000000286/13, 1480000000767/13)
A presses are not an integer: 480000000286/13
Game 176 impossible

Solution: (28500000001365/91, 2500000007371/91)
A presses are not an integer: 28500000001365/91
Game 177 impossible

Solution: (227576975489, 160642570044)
Game 178 possible with price 709504685621

Solution: (154929577559, 147887324052)
Game 179 possible with price 598591549715

Solution: (122732123890, 117395944678)
Game 180 possible with price 474919957924

Solution: (10000000003201/33, 7000000002376/99)
A presses are not an integer: 10000000003201/33
Game 181 impossible

Solution: (116279070011, 172093023562)
Game 182 possible with price 632558140697

Solution: (18125000015665/241, 19062500013255/241)
A presses are not an integer: 18125000015665/241
Game 183 impossible

Solution: (230000000149511/3477, 560000000180804/3477)
A presses are not an integer: 230000000149511/3477
Game 184 impossible

Solution: (154798761707, 340557275787)
Game 185 possible with price 1176470589068

Solution: (151436031386, 135770235108)
Game 186 possible with price 558746736710

Solution: (377643504410, 135951662021)
Game 187 possible with price 785498490473

Solution: (38000000022881/263, 23000000011835/263)
A presses are not an integer: 38000000022881/263
Game 188 impossible

Solution: (124167171424, 133252574350)
Game 189 possible with price 523924894474

Solution: (123456790420, 123456790264)
Game 190 possible with price 493827161212

Solution: (146295422454, 132137800858)
Game 191 possible with price 542708825028

Solution: (101449275513, 159420289917)
Game 192 possible with price 579710145264

Solution: (114269788187, 105908584234)
Game 193 possible with price 431995540889

Solution: (110000000046980/783, 35000000025317/261)
A presses are not an integer: 110000000046980/783
Game 194 impossible

Solution: (237113402214, 134020618590)
Game 195 possible with price 639175257984

Solution: (182034032585, 114760585699)
Game 196 possible with price 526315789682

Solution: (520000000368793/4239, 290000000211950/4239)
A presses are not an integer: 520000000368793/4239
Game 197 impossible

Solution: (176184690264, 145808019672)
Game 198 possible with price 613608749280

Solution: (1450000002516/37, 4300000003663/37)
A presses are not an integer: 1450000002516/37
Game 199 impossible

Solution: (-19999999978910/703, 170000000058349/703)
A presses are not an integer: -19999999978910/703
Game 200 impossible

Solution: (146883684273, 127034537643)
Game 201 possible with price 527987297202

Solution: (125000000273/7, 850000000301/7)
A presses are not an integer: 125000000273/7
Game 202 impossible

Solution: (37500000018938/557, 47500000033977/557)
A presses are not an integer: 37500000018938/557
Game 203 impossible

Solution: (104517869388, 109575185573)
Game 204 possible with price 433243426107

Solution: (50000000005712/357, 10000000010353/119)
A presses are not an integer: 50000000005712/357
Game 205 impossible

Solution: (143149284250, 163599182060)
Game 206 possible with price 633946830430

Solution: (142495250135, 101329955920)
Game 207 possible with price 446485117895

Solution: (11000000009381/177, 31000000010620/177)
A presses are not an integer: 11000000009381/177
Game 208 impossible

Solution: (137511992518, 115126319197)
Game 209 possible with price 482890950109

Solution: (130000000173085/3147, 380000000236025/3147)
A presses are not an integer: 130000000173085/3147
Game 210 impossible

Solution: (305000000029810/2981, 320000000289157/2981)
A presses are not an integer: 305000000029810/2981
Game 211 impossible

Solution: (177500000025905/1727, 135000000074261/1727)
A presses are not an integer: 177500000025905/1727
Game 212 impossible

Solution: (109018830607, 107036670052)
Game 213 possible with price 430128840763

Solution: (70000000082745/871, 120000000012194/871)
A presses are not an integer: 70000000082745/871
Game 214 impossible

Solution: (105000000020566/1469, 145000000116051/1469)
A presses are not an integer: 105000000020566/1469
Game 215 impossible

Solution: (128996074030, 106561974458)
Game 216 possible with price 448681997404

Solution: (410000000173537/1907, 130000000091536/1907)
A presses are not an integer: 410000000173537/1907
Game 217 impossible

Solution: (130000000033821/1091, 20000000078552/1091)
A presses are not an integer: 130000000033821/1091
Game 218 impossible

Solution: (30000000022507/317, 20000000022824/317)
A presses are not an integer: 30000000022507/317
Game 219 impossible

Solution: (130000000031119/1353, 145000000005412/1353)
A presses are not an integer: 130000000031119/1353
Game 220 impossible

Solution: (60000000043129/731, 70000000063597/731)
A presses are not an integer: 60000000043129/731
Game 221 impossible

Solution: (114671163548, 124789207692)
Game 222 possible with price 489038786624

Solution: (20000000007335/163, 15000000008802/163)
A presses are not an integer: 20000000007335/163
Game 223 impossible

Solution: (230000000262905/3093, 680000000148464/3093)
A presses are not an integer: 230000000262905/3093
Game 224 impossible

Solution: (580000000490464/5109, 10000000165191/1703)
A presses are not an integer: 580000000490464/5109
Game 225 impossible

Solution: (104354084474, 125944584363)
Game 226 possible with price 482187837563

Solution: (9375000003850/77, 10625000001386/77)
A presses are not an integer: 9375000003850/77
Game 227 impossible

Solution: (157232704594, 100628930959)
Game 228 possible with price 459119497471

Solution: (390000000149131/3173, 10000000079325/3173)
A presses are not an integer: 390000000149131/3173
Game 229 impossible

Solution: (125218404489, 113570180640)
Game 230 possible with price 465928946409

Solution: (15000000015160/379, 55000000033352/379)
A presses are not an integer: 15000000015160/379
Game 231 impossible

Solution: (117370892432, 187793426958)
Game 232 possible with price 680751173306

Solution: (74000000051531/579, 12000000012159/193)
A presses are not an integer: 74000000051531/579
Game 233 impossible

Solution: (30000000043230/1441, 160000000128249/1441)
A presses are not an integer: 30000000043230/1441
Game 234 impossible

Solution: (107382550445, 389261745127)
Game 235 possible with price 1275167785826

Solution: (10000000012225/489, 395000000208803/3423)
A presses are not an integer: 10000000012225/489
Game 236 impossible

Solution: (125000000173229/2373, 130000000005537/791)
A presses are not an integer: 125000000173229/2373
Game 237 impossible

Solution: (106169296968, 152080344612)
Game 238 possible with price 562410330804

Solution: (190114069005, 114068441072)
Game 239 possible with price 532319392221

Solution: (198675496996, 112582781458)
Game 240 possible with price 536423841370

Solution: (141732283881, 157480314990)
Game 241 possible with price 614173228851

Solution: (126682502020, 162311955895)
Game 242 possible with price 613618369705

Solution: (103914097548, 128160720761)
Game 243 possible with price 488396259831

Solution: (149253731229, 149253731778)
Game 244 possible with price 597014926563

Solution: (142071494509, 114573785373)
Game 245 possible with price 485792850628

Solution: (12400000004237/223, 23600000013157/223)
A presses are not an integer: 12400000004237/223
Game 246 impossible

Solution: (179135932639, 273972603165)
Game 247 possible with price 1001053742134

Solution: (106007067122, 176678445575)
Game 248 possible with price 636042403847

Solution: (113043478309, 173913043611)
Game 249 possible with price 634782609142

Solution: (112359550686, 112359550624)
Game 250 possible with price 449438202558

Solution: (103771197175, 101240192433)
Game 251 possible with price 407491774474

Solution: (179833012737, 122029543797)
Game 252 possible with price 545921644128

Solution: (171919771073, 100286533034)
Game 253 possible with price 472779370175

Solution: (128534704421, 154241645457)
Game 254 possible with price 591259640792

Solution: (172343044814, 127205580642)
Game 255 possible with price 553959786740

Solution: (107913669055, 101918465328)
Game 256 possible with price 413669065039

Solution: (430000000129601/4469, 260000000321768/4469)
A presses are not an integer: 430000000129601/4469
Game 257 impossible

Solution: (259365994528, 144092219001)
Game 258 possible with price 691642651531

Solution: (101541933090, 206844678655)
Game 259 possible with price 722075969055

Solution: (122743682647, 231046931300)
Game 260 possible with price 815884476547

Solution: (470000000435006/5577, 610000000446160/5577)
A presses are not an integer: 470000000435006/5577
Game 261 impossible

Solution: (126771066227, 208799403734)
Game 262 possible with price 753169277429

Solution: (120000000128122/1363, 530000000029986/1363)
A presses are not an integer: 120000000128122/1363
Game 263 impossible

Solution: (149330586872, 123583934343)
Game 264 possible with price 520082389901

Solution: (129793510551, 123893805491)
Game 265 possible with price 501474927024

Solution: (42500000016731/429, 38750000002145/429)
A presses are not an integer: 42500000016731/429
Game 266 impossible

Solution: (175438596497, 116959064547)
Game 267 possible with price 526315790138

Solution: (17500000008734/397, 37500000026599/397)
A presses are not an integer: 17500000008734/397
Game 268 impossible

Solution: (460000000631179/6507, 70000000062901/723)
A presses are not an integer: 460000000631179/6507
Game 269 impossible

Solution: (1500000000703/19, 2000000001254/19)
A presses are not an integer: 1500000000703/19
Game 270 impossible

Solution: (105876125103, 108523028102)
Game 271 possible with price 431445209409

Solution: (119310649775, 128148475723)
Game 272 possible with price 503756076944

Solution: (113452188086, 259319287421)
Game 273 possible with price 891410050349

Solution: (640000000301635/6703, 590000000060327/6703)
A presses are not an integer: 640000000301635/6703
Game 274 impossible

Solution: (117112810781, 138623327189)
Game 275 possible with price 532982792348

Solution: (80000000048393/849, 15000000013018/283)
A presses are not an integer: 80000000048393/849
Game 276 impossible

Solution: (102700646718, 144541650820)
Game 277 possible with price 536325599178

Solution: (103305785288, 123966942104)
Game 278 possible with price 475206611600

Solution: (130000000070091/2261, 690000000201229/2261)
A presses are not an integer: 130000000070091/2261
Game 279 impossible

Solution: (135202804538, 145217826703)
Game 280 possible with price 570856284647

Solution: (122699386652, 112474437642)
Game 281 possible with price 460122699578

Solution: (120000000030580/1529, 12500000009174/139)
A presses are not an integer: 120000000030580/1529
Game 282 impossible

Solution: (143678161024, 100574712662)
Game 283 possible with price 445402299010

Solution: (235000000074971/949, 5000000001314/73)
A presses are not an integer: 235000000074971/949
Game 284 impossible

Solution: (167500000084450/1689, 42500000012949/563)
A presses are not an integer: 167500000084450/1689
Game 285 impossible

Solution: (116054158585, 140232108767)
Game 286 possible with price 536750484886

Solution: (155279503079, 124223602641)
Game 287 possible with price 527950311002

Solution: (13250000011154/143, 1000000000559/13)
A presses are not an integer: 13250000011154/143
Game 288 impossible

Solution: (103359173174, 129198966584)
Game 289 possible with price 490956072926

Solution: (5000000120771/1491, 15000000005680/71)
A presses are not an integer: 5000000120771/1491
Game 290 impossible

Solution: (15500000006201/159, 2500000003604/53)
A presses are not an integer: 15500000006201/159
Game 291 impossible

Solution: (118644067909, 161016949440)
Game 292 possible with price 601694916229

Solution: (6600000003304/59, 3800000005546/59)
A presses are not an integer: 6600000003304/59
Game 293 impossible

Solution: (165631470219, 103519668878)
Game 294 possible with price 476190476853

Solution: (35000000041877/517, 45000000013442/517)
A presses are not an integer: 35000000041877/517
Game 295 impossible

Solution: (241935483856, 102639296220)
Game 296 possible with price 549853372516

Solution: (116279069784, 109819121610)
Game 297 possible with price 445736434614

Solution: (196078431435, 326797385783)
Game 298 possible with price 1176470588784

Solution: (1000000000588/21, 23000000019173/231)
A presses are not an integer: 1000000000588/21
Game 299 impossible

Solution: (155210643301, 133037693823)
Game 300 possible with price 554323724770

Solution: (17500000012533/151, 12812500011778/151)
A presses are not an integer: 17500000012533/151
Game 301 impossible

Solution: (114822546868, 135699373945)
Game 302 possible with price 521920668703

Solution: (580000000091069/5357, 10000000001948/487)
A presses are not an integer: 580000000091069/5357
Game 303 impossible

Solution: (105263157903, 105263158154)
Game 304 possible with price 421052632365

Solution: (320000000194873/3977, 450000000174988/3977)
A presses are not an integer: 320000000194873/3977
Game 305 impossible

Solution: (108527131831, 131782945827)
Game 306 possible with price 503875969312

Solution: (116959064418, 165692007971)
Game 307 possible with price 614035088331

Solution: (15000000012741/137, 10000000012604/137)
A presses are not an integer: 15000000012741/137
Game 308 impossible

Solution: (135693215623, 165191740547)
Game 309 possible with price 631268437264

Solution: (125664572290, 130497825153)
Game 310 possible with price 517158047749

Solution: (186335403758, 103519668912)
Game 311 possible with price 496894410494

Solution: (10000000008304/173, 80000000023874/519)
A presses are not an integer: 10000000008304/173
Game 312 impossible

Solution: (102661597121, 106463878434)
Game 313 possible with price 422053232423

Solution: (140466228602, 104602510372)
Game 314 possible with price 454273759718

Solution: (132052821499, 252100840367)
Game 315 possible with price 888355342600

Solution: (109976433602, 102120974266)
Game 316 possible with price 416339356400

Solution: (168026884323, 129620739435)
Game 317 possible with price 556889102628

Solution: (198915009069, 108499095950)
Game 318 possible with price 524412296919

Solution: (149253731399, 149253731336)
Game 319 possible with price 597014925407

Solution: (610000000243640/6091, 410000000225367/6091)
A presses are not an integer: 610000000243640/6091
Game 320 impossible

104637185608896
